##################################################
#case6.in
#area [0, MAX_X] x [0, MAX_Y]
100	100
#number of points NUM_PT
20
#coordinates
75	63
64	25
86	16
89	51
0	58
37	91
92	12
51	99
75	20
72	78
58	85
95	93
56	19
36	96
14	89
9	89
18	40
80	3
56	69
54	22
#end of instance
Choosing point 0 as the root ...
Point 1 has a distance 49 to the tree, parent 0;
Point 2 has a distance 58 to the tree, parent 0;
Point 3 has a distance 26 to the tree, parent 0;
Point 4 has a distance 80 to the tree, parent 0;
Point 5 has a distance 66 to the tree, parent 0;
Point 6 has a distance 68 to the tree, parent 0;
Point 7 has a distance 60 to the tree, parent 0;
Point 8 has a distance 43 to the tree, parent 0;
Point 9 has a distance 18 to the tree, parent 0;
Point 10 has a distance 39 to the tree, parent 0;
Point 11 has a distance 50 to the tree, parent 0;
Point 12 has a distance 63 to the tree, parent 0;
Point 13 has a distance 72 to the tree, parent 0;
Point 14 has a distance 87 to the tree, parent 0;
Point 15 has a distance 92 to the tree, parent 0;
Point 16 has a distance 80 to the tree, parent 0;
Point 17 has a distance 65 to the tree, parent 0;
Point 18 has a distance 25 to the tree, parent 0;
Point 19 has a distance 62 to the tree, parent 0;
#Edges of the MST by Prim’s algorithm:
0	9	18
9	10	21
10	18	18
10	7	21
7	13	18
13	5	6
5	14	25
14	15	5
0	3	26
3	2	38
2	6	10
2	8	15
8	1	16
1	19	13
19	12	5
2	17	19
9	11	38
15	4	40
4	16	36
The total length of the MST is 388.
