Choosing point 0 as the root ...
point 1 has a distance 65 to the tree, parent 0;
point 2 has a distance 35 to the tree, parent 0;
point 3 has a distance 84 to the tree, parent 0;
point 4 has a distance 55 to the tree, parent 0;
point 5 has a distance 98 to the tree, parent 0;
point 6 has a distance 51 to the tree, parent 0;
point 7 has a distance 88 to the tree, parent 0;
point 8 has a distance 54 to the tree, parent 0;
point 9 has a distance 44 to the tree, parent 0;
point 10 has a distance 27 to the tree, parent 0;
point 11 has a distance 21 to the tree, parent 0;
point 12 has a distance 35 to the tree, parent 0;
point 13 has a distance 73 to the tree, parent 0;
point 14 has a distance 78 to the tree, parent 0;
point 15 has a distance 23 to the tree, parent 0;
point 16 has a distance 94 to the tree, parent 0;
point 17 has a distance 53 to the tree, parent 0;
point 18 has a distance 77 to the tree, parent 0;
point 19 has a distance 35 to the tree, parent 0;
#Edges of the MST by Prim’s algorithm:
0	11	21
11	15	14
0	10	27
10	9	23
9	1	23
1	13	8
1	17	22
10	12	24
15	6	28
6	8	15
8	14	24
14	16	16
16	5	12
5	3	14
6	4	26
15	2	28
2	19	16
17	18	28
13	7	43
The total length of the MST is 412.